\BOOKMARK [1][-]{section.1}{\376\377\000P\000r\000e\000q\000u\000i\000s\000i\000t\000i\000o\000n\000s}{}% 1
\BOOKMARK [2][-]{subsection.1.1}{\376\377\000M\000L\000'\000s\000\040\000G\000o\000a\000l}{section.1}% 2
\BOOKMARK [2][-]{subsection.1.2}{\376\377\000O\000u\000t\000l\000i\000n\000e\000\040\000o\000f\000\040\000P\000r\000o\000p\000e\000r\000\040\000N\000o\000u\000n\000s}{section.1}% 3
\BOOKMARK [2][-]{subsection.1.3}{\376\377\122\006\174\173\143\007\150\007}{section.1}% 4
\BOOKMARK [1][-]{section.2}{\376\377\176\277\140\047\122\044\122\053\152\041\127\213\000\050\000L\000i\000n\000e\000a\000r\000\040\000M\000o\000d\000e\000l\000\051}{}% 5
\BOOKMARK [2][-]{subsection.2.1}{\376\377\150\257\136\246\146\364\145\260\145\271\154\325}{section.2}% 6
\BOOKMARK [2][-]{subsection.2.2}{\376\377\167\351\226\065\137\142\137\017\000\050\000M\000a\000t\000r\000i\000x\000\040\000F\000o\000r\000m\000\051}{section.2}% 7
\BOOKMARK [2][-]{subsection.2.3}{\376\377\154\333\176\277\140\047\152\041\127\213}{section.2}% 8
\BOOKMARK [2][-]{subsection.2.4}{\376\377\220\073\217\221\126\336\137\122\000\050\000L\000o\000g\000i\000s\000t\000i\000c\000\040\000R\000e\000g\000r\000e\000s\000s\000i\000o\000n\000\051}{section.2}% 9
\BOOKMARK [3][-]{subsubsection.2.4.1}{\376\377\116\214\122\006\174\173}{subsection.2.4}% 10
\BOOKMARK [3][-]{subsubsection.2.4.2}{\376\377\131\032\122\006\174\173}{subsection.2.4}% 11
\BOOKMARK [2][-]{subsection.2.5}{\376\377\145\057\143\001\124\021\221\317\147\072}{section.2}% 12
\BOOKMARK [3][-]{subsubsection.2.5.1}{\376\377\142\123\122\006\121\375\145\160}{subsection.2.5}% 13
\BOOKMARK [3][-]{subsubsection.2.5.2}{\376\377\150\007\173\176\230\204\155\113}{subsection.2.5}% 14
\BOOKMARK [3][-]{subsubsection.2.5.3}{\376\377\147\000\117\030\217\271\165\114\166\204\133\373\142\176}{subsection.2.5}% 15
\BOOKMARK [3][-]{subsubsection.2.5.4}{\376\377\145\057\143\001\124\021\221\317\147\072\166\204\116\000\116\233\117\030\123\026}{subsection.2.5}% 16
\BOOKMARK [1][-]{appendix.A}{\376\377\167\351\226\065\154\102\133\374\154\325\122\031}{}% 17
\BOOKMARK [1][-]{appendix.B}{\376\377\220\073\217\221\126\336\137\122\116\343\170\001\127\127}{}% 18
\BOOKMARK [2][-]{subsection.B.1}{\376\377\116\214\122\006\174\173}{appendix.B}% 19
\BOOKMARK [2][-]{subsection.B.2}{\376\377\131\032\122\006\174\173}{appendix.B}% 20
